{"C:\\Users\\This PC\\OneDrive\\Desktop\\namaste-react\\src\\Components\\Header.jsx": {"path":"C:\\Users\\This PC\\OneDrive\\Desktop\\namaste-react\\src\\Components\\Header.jsx","statementMap":{"0":{"start":{"line":8,"column":15},"end":{"line":41,"column":1}},"1":{"start":{"line":10,"column":33},"end":{"line":10,"column":50}},"2":{"start":{"line":11,"column":23},"end":{"line":11,"column":40}},"3":{"start":{"line":12,"column":21},"end":{"line":12,"column":44}},"4":{"start":{"line":14,"column":2},"end":{"line":40,"column":4}},"5":{"start":{"line":32,"column":12},"end":{"line":32,"column":77}}},"fnMap":{"0":{"name":"(anonymous_0)","decl":{"start":{"line":8,"column":15},"end":{"line":8,"column":16}},"loc":{"start":{"line":8,"column":21},"end":{"line":41,"column":1}},"line":8},"1":{"name":"(anonymous_1)","decl":{"start":{"line":31,"column":19},"end":{"line":31,"column":20}},"loc":{"start":{"line":31,"column":24},"end":{"line":33,"column":11}},"line":31}},"branchMap":{"0":{"loc":{"start":{"line":21,"column":30},"end":{"line":21,"column":63}},"type":"cond-expr","locations":[{"start":{"line":21,"column":52},"end":{"line":21,"column":56}},{"start":{"line":21,"column":59},"end":{"line":21,"column":63}}],"line":21},"1":{"loc":{"start":{"line":32,"column":12},"end":{"line":32,"column":76}},"type":"cond-expr","locations":[{"start":{"line":32,"column":34},"end":{"line":32,"column":54}},{"start":{"line":32,"column":57},"end":{"line":32,"column":76}}],"line":32}},"s":{"0":1,"1":0,"2":0,"3":0,"4":0,"5":0},"f":{"0":0,"1":0},"b":{"0":[0,0],"1":[0,0]},"_coverageSchema":"1a1c01bbd47fc00a2c39e90264f33305004495a9","hash":"d075814c76cbdd4ef9545d272588aff00dd0943d"}
,"C:\\Users\\This PC\\OneDrive\\Desktop\\namaste-react\\src\\Components\\UserContext.jsx": {"path":"C:\\Users\\This PC\\OneDrive\\Desktop\\namaste-react\\src\\Components\\UserContext.jsx","statementMap":{"0":{"start":{"line":3,"column":21},"end":{"line":5,"column":2}}},"fnMap":{},"branchMap":{},"s":{"0":1},"f":{},"b":{},"_coverageSchema":"1a1c01bbd47fc00a2c39e90264f33305004495a9","hash":"de296e54d7d6f44edfe528c7ab7d1f9bd47f89d3"}
,"C:\\Users\\This PC\\OneDrive\\Desktop\\namaste-react\\src\\Components\\sum.js": {"path":"C:\\Users\\This PC\\OneDrive\\Desktop\\namaste-react\\src\\Components\\sum.js","statementMap":{"0":{"start":{"line":1,"column":19},"end":{"line":3,"column":1}},"1":{"start":{"line":2,"column":4},"end":{"line":2,"column":17}}},"fnMap":{"0":{"name":"(anonymous_0)","decl":{"start":{"line":1,"column":19},"end":{"line":1,"column":20}},"loc":{"start":{"line":1,"column":28},"end":{"line":3,"column":1}},"line":1}},"branchMap":{},"s":{"0":1,"1":1},"f":{"0":1},"b":{},"_coverageSchema":"1a1c01bbd47fc00a2c39e90264f33305004495a9","hash":"640926df31fd7d9f0474cb0400a7106453b2f921"}
,"C:\\Users\\This PC\\OneDrive\\Desktop\\namaste-react\\src\\Components\\Contact\\Contact.jsx": {"path":"C:\\Users\\This PC\\OneDrive\\Desktop\\namaste-react\\src\\Components\\Contact\\Contact.jsx","statementMap":{"0":{"start":{"line":4,"column":16},"end":{"line":12,"column":1}},"1":{"start":{"line":5,"column":4},"end":{"line":11,"column":5}}},"fnMap":{"0":{"name":"(anonymous_0)","decl":{"start":{"line":4,"column":16},"end":{"line":4,"column":17}},"loc":{"start":{"line":4,"column":22},"end":{"line":12,"column":1}},"line":4}},"branchMap":{},"s":{"0":1,"1":2},"f":{"0":2},"b":{},"_coverageSchema":"1a1c01bbd47fc00a2c39e90264f33305004495a9","hash":"2c8ab99ac6f03976febfe38c274100a85352dac5"}
,"C:\\Users\\This PC\\OneDrive\\Desktop\\namaste-react\\src\\utils\\CustomHooks\\useOnlineStatus.jsx": {"path":"C:\\Users\\This PC\\OneDrive\\Desktop\\namaste-react\\src\\utils\\CustomHooks\\useOnlineStatus.jsx","statementMap":{"0":{"start":{"line":3,"column":24},"end":{"line":20,"column":1}},"1":{"start":{"line":5,"column":43},"end":{"line":5,"column":57}},"2":{"start":{"line":6,"column":4},"end":{"line":6,"column":43}},"3":{"start":{"line":8,"column":4},"end":{"line":17,"column":9}},"4":{"start":{"line":10,"column":8},"end":{"line":12,"column":11}},"5":{"start":{"line":11,"column":12},"end":{"line":11,"column":35}},"6":{"start":{"line":13,"column":8},"end":{"line":15,"column":11}},"7":{"start":{"line":14,"column":12},"end":{"line":14,"column":34}},"8":{"start":{"line":19,"column":4},"end":{"line":19,"column":24}}},"fnMap":{"0":{"name":"(anonymous_0)","decl":{"start":{"line":3,"column":24},"end":{"line":3,"column":25}},"loc":{"start":{"line":3,"column":30},"end":{"line":20,"column":1}},"line":3},"1":{"name":"(anonymous_1)","decl":{"start":{"line":8,"column":14},"end":{"line":8,"column":15}},"loc":{"start":{"line":8,"column":18},"end":{"line":17,"column":5}},"line":8},"2":{"name":"(anonymous_2)","decl":{"start":{"line":10,"column":43},"end":{"line":10,"column":44}},"loc":{"start":{"line":10,"column":48},"end":{"line":12,"column":9}},"line":10},"3":{"name":"(anonymous_3)","decl":{"start":{"line":13,"column":42},"end":{"line":13,"column":43}},"loc":{"start":{"line":13,"column":47},"end":{"line":15,"column":9}},"line":13}},"branchMap":{},"s":{"0":1,"1":0,"2":0,"3":0,"4":0,"5":0,"6":0,"7":0,"8":0},"f":{"0":0,"1":0,"2":0,"3":0},"b":{},"_coverageSchema":"1a1c01bbd47fc00a2c39e90264f33305004495a9","hash":"8b274b3ae7adee3a8aa22cecbf1b40b0ea35a5b7"}
}
